Testing looger infos
Testing looger warnings
Testing looger errors
Setting seed of wrapper to 1337
Setting seed of wrapper to 0
Eval num_timesteps=50000, 
Episode_reward=50000.00 +/- 2.55
Episode length: 60.90 +/- 0.70
No gates passed list: [0, 0, 0, 0, 0, 0, 0, 0, 0, 0]
Success rate: 0.0
Eval num_timesteps=100000, 
Episode_reward=100000.00 +/- 2.10
Episode length: 78.40 +/- 3.01
No gates passed list: [0, 0, 0, 0, 0, 0, 0, 0, 0, 0]
Success rate: 0.0
Eval num_timesteps=150000, 
Episode_reward=150000.00 +/- 2.94
Episode length: 43.30 +/- 0.46
No gates passed list: [0, 0, 0, 0, 0, 0, 0, 0, 0, 0]
Success rate: 0.0
Eval num_timesteps=200000, 
Episode_reward=200000.00 +/- 3.21
Episode length: 42.40 +/- 0.49
No gates passed list: [0, 0, 0, 0, 0, 0, 0, 0, 0, 0]
Success rate: 0.0
Eval num_timesteps=250000, 
Episode_reward=250000.00 +/- 3.12
Episode length: 41.60 +/- 0.49
No gates passed list: [0, 0, 0, 0, 0, 0, 0, 0, 0, 0]
Success rate: 0.0
Eval num_timesteps=300000, 
Episode_reward=300000.00 +/- 3.10
Episode length: 37.30 +/- 0.46
No gates passed list: [0, 0, 0, 0, 0, 0, 0, 0, 0, 0]
Success rate: 0.0
Eval num_timesteps=350000, 
Episode_reward=350000.00 +/- 3.27
Episode length: 34.30 +/- 0.46
No gates passed list: [0, 0, 0, 0, 0, 0, 0, 0, 0, 0]
Success rate: 0.0
Eval num_timesteps=400000, 
Episode_reward=400000.00 +/- 3.31
Episode length: 35.40 +/- 0.49
No gates passed list: [0, 0, 0, 0, 0, 0, 0, 0, 0, 0]
Success rate: 0.0
Eval num_timesteps=450000, 
Episode_reward=450000.00 +/- 3.66
Episode length: 35.50 +/- 0.50
No gates passed list: [0, 0, 0, 0, 0, 0, 0, 0, 0, 0]
Success rate: 0.0
Eval num_timesteps=500000, 
Episode_reward=500000.00 +/- 3.90
Episode length: 33.90 +/- 1.92
No gates passed list: [0, 0, 0, 0, 0, 0, 0, 0, 0, 0]
Success rate: 0.0
Eval num_timesteps=550000, 
Episode_reward=550000.00 +/- 4.62
Episode length: 33.10 +/- 1.22
No gates passed list: [1, 0, 0, 0, 1, 0, 0, 0, 0, 0]
Success rate: 0.0
Eval num_timesteps=600000, 
Episode_reward=600000.00 +/- 4.33
Episode length: 35.60 +/- 4.98
No gates passed list: [0, 0, 0, 0, 0, 0, 0, 0, 0, 0]
Success rate: 0.0
Eval num_timesteps=650000, 
Episode_reward=650000.00 +/- 6.39
Episode length: 42.60 +/- 3.32
No gates passed list: [1, 1, 1, 1, 1, 1, 1, 1, 1, 0]
Success rate: 0.0
Eval num_timesteps=700000, 
Episode_reward=700000.00 +/- 6.38
Episode length: 44.80 +/- 0.40
No gates passed list: [1, 1, 1, 1, 1, 1, 1, 1, 1, 1]
Success rate: 0.0
Eval num_timesteps=750000, 
Episode_reward=750000.00 +/- 6.74
Episode length: 47.90 +/- 1.14
No gates passed list: [1, 1, 1, 1, 1, 1, 1, 1, 1, 1]
Success rate: 0.0
Eval num_timesteps=800000, 
Episode_reward=800000.00 +/- 7.46
Episode length: 44.20 +/- 2.32
No gates passed list: [1, 1, 1, 1, 1, 1, 1, 1, 1, 1]
Success rate: 0.0
Eval num_timesteps=850000, 
Episode_reward=850000.00 +/- 7.23
Episode length: 46.90 +/- 1.76
No gates passed list: [1, 1, 1, 1, 1, 1, 1, 1, 1, 1]
Success rate: 0.0
Eval num_timesteps=900000, 
Episode_reward=900000.00 +/- 7.68
Episode length: 45.30 +/- 1.27
No gates passed list: [1, 1, 1, 1, 1, 1, 1, 1, 1, 1]
Success rate: 0.0
Eval num_timesteps=950000, 
Episode_reward=950000.00 +/- 8.15
Episode length: 44.80 +/- 0.98
No gates passed list: [1, 1, 1, 1, 1, 1, 1, 1, 1, 1]
Success rate: 0.0
Eval num_timesteps=1000000, 
Episode_reward=1000000.00 +/- 8.45
Episode length: 54.90 +/- 21.25
No gates passed list: [1, 1, 1, 1, 1, 1, 1, 1, 1, 1]
Success rate: 0.0
Eval num_timesteps=1050000, 
Episode_reward=1050000.00 +/- 7.84
Episode length: 72.00 +/- 34.07
No gates passed list: [1, 1, 1, 1, 1, 1, 1, 1, 1, 1]
Success rate: 0.0
Eval num_timesteps=1100000, 
Episode_reward=1100000.00 +/- 8.46
Episode length: 41.80 +/- 0.60
No gates passed list: [1, 1, 1, 1, 1, 1, 1, 1, 1, 1]
Success rate: 0.0
Eval num_timesteps=1150000, 
Episode_reward=1150000.00 +/- 8.48
Episode length: 49.20 +/- 20.86
No gates passed list: [1, 1, 1, 1, 1, 1, 1, 1, 1, 1]
Success rate: 0.0
Eval num_timesteps=1200000, 
Episode_reward=1200000.00 +/- 7.93
Episode length: 51.90 +/- 12.82
No gates passed list: [1, 1, 1, 1, 1, 1, 1, 1, 1, 1]
Success rate: 0.0
Eval num_timesteps=1250000, 
Episode_reward=1250000.00 +/- 8.59
Episode length: 62.10 +/- 9.79
No gates passed list: [1, 1, 1, 1, 1, 1, 1, 1, 1, 1]
Success rate: 0.0
Eval num_timesteps=1300000, 
Episode_reward=1300000.00 +/- 8.18
Episode length: 57.00 +/- 13.62
No gates passed list: [1, 1, 1, 1, 1, 1, 1, 1, 1, 1]
Success rate: 0.0
Eval num_timesteps=1350000, 
Episode_reward=1350000.00 +/- 7.56
Episode length: 91.50 +/- 37.40
No gates passed list: [1, 1, 1, 1, 1, 1, 1, 1, 1, 1]
Success rate: 0.0
Eval num_timesteps=1400000, 
Episode_reward=1400000.00 +/- 8.34
Episode length: 73.30 +/- 33.35
No gates passed list: [1, 1, 1, 1, 1, 1, 1, 1, 1, 1]
Success rate: 0.0
Eval num_timesteps=1450000, 
Episode_reward=1450000.00 +/- 8.09
Episode length: 107.10 +/- 37.31
No gates passed list: [1, 1, 1, 1, 1, 1, 1, 1, 1, 1]
Success rate: 0.0
Eval num_timesteps=1500000, 
Episode_reward=1500000.00 +/- 9.60
Episode length: 54.90 +/- 3.39
No gates passed list: [1, 1, 1, 1, 1, 1, 1, 1, 1, 1]
Success rate: 0.0
Eval num_timesteps=1550000, 
Episode_reward=1550000.00 +/- 8.13
Episode length: 82.40 +/- 44.72
No gates passed list: [1, 1, 1, 1, 1, 1, 1, 1, 1, 1]
Success rate: 0.0
Eval num_timesteps=1600000, 
Episode_reward=1600000.00 +/- 8.82
Episode length: 55.70 +/- 7.86
No gates passed list: [1, 1, 1, 1, 1, 1, 1, 1, 1, 1]
Success rate: 0.0
Eval num_timesteps=1650000, 
Episode_reward=1650000.00 +/- 8.93
Episode length: 65.80 +/- 11.34
No gates passed list: [1, 1, 1, 1, 1, 1, 1, 1, 1, 1]
Success rate: 0.0
Eval num_timesteps=1700000, 
Episode_reward=1700000.00 +/- 7.61
Episode length: 128.90 +/- 81.29
No gates passed list: [1, 1, 1, 1, 1, 1, 1, 1, 1, 1]
Success rate: 0.0
Eval num_timesteps=1750000, 
Episode_reward=1750000.00 +/- 8.60
Episode length: 83.50 +/- 38.30
No gates passed list: [1, 1, 1, 1, 1, 1, 1, 1, 1, 1]
Success rate: 0.0
Eval num_timesteps=1800000, 
Episode_reward=1800000.00 +/- 8.29
Episode length: 436.40 +/- 452.11
No gates passed list: [1, 1, 1, 1, 1, 1, 1, 1, 1, 1]
Success rate: 0.0
Eval num_timesteps=1850000, 
Episode_reward=1850000.00 +/- 8.59
Episode length: 902.40 +/- 262.80
No gates passed list: [1, 1, 1, 1, 1, 1, 1, 1, 1, 1]
Success rate: 0.0
Eval num_timesteps=1900000, 
Episode_reward=1900000.00 +/- 9.67
Episode length: 63.60 +/- 1.02
No gates passed list: [1, 1, 1, 1, 1, 1, 1, 1, 1, 1]
Success rate: 0.0
Eval num_timesteps=1950000, 
Episode_reward=1950000.00 +/- 10.08
Episode length: 902.80 +/- 261.60
No gates passed list: [1, 1, 1, 1, 1, 1, 1, 1, 1, 1]
Success rate: 0.0
Eval num_timesteps=2000000, 
Episode_reward=2000000.00 +/- 9.41
Episode length: 897.20 +/- 278.40
No gates passed list: [1, 1, 1, 1, 1, 1, 1, 1, 1, 1]
Success rate: 0.0
Eval num_timesteps=2050000, 
Episode_reward=2050000.00 +/- 9.29
Episode length: 520.20 +/- 469.83
No gates passed list: [1, 1, 1, 1, 1, 1, 1, 1, 1, 1]
Success rate: 0.0
Eval num_timesteps=2100000, 
Episode_reward=2100000.00 +/- 9.64
Episode length: 140.50 +/- 283.17
No gates passed list: [1, 1, 1, 1, 1, 1, 1, 1, 1, 1]
Success rate: 0.0
Eval num_timesteps=2150000, 
Episode_reward=2150000.00 +/- 11.43
Episode length: 724.60 +/- 406.00
No gates passed list: [1, 2, 1, 1, 2, 1, 1, 1, 1, 1]
Success rate: 0.0
Eval num_timesteps=2200000, 
Episode_reward=2200000.00 +/- 11.88
Episode length: 623.50 +/- 449.43
No gates passed list: [1, 1, 1, 1, 1, 1, 1, 1, 3, 1]
Success rate: 0.0
Eval num_timesteps=2250000, 
Episode_reward=2250000.00 +/- 12.01
Episode length: 183.40 +/- 276.37
No gates passed list: [2, 2, 1, 2, 1, 1, 1, 1, 2, 1]
Success rate: 0.0
Eval num_timesteps=2300000, 
Episode_reward=2300000.00 +/- 10.76
Episode length: 990.00 +/- 0.00
No gates passed list: [1, 1, 1, 1, 1, 1, 1, 1, 1, 1]
Success rate: 0.0
Eval num_timesteps=2350000, 
Episode_reward=2350000.00 +/- 12.07
Episode length: 746.40 +/- 373.41
No gates passed list: [1, 1, 3, 1, 2, 1, 1, 1, 1, 2]
Success rate: 0.0
Eval num_timesteps=2400000, 
Episode_reward=2400000.00 +/- 18.39
Episode length: 490.60 +/- 409.06
No gates passed list: [2, 4, 2, 1, 1, 4, 4, 2, 1, 1]
Success rate: 0.3
Eval num_timesteps=2450000, 
Episode_reward=2450000.00 +/- 11.84
Episode length: 105.40 +/- 155.00
No gates passed list: [1, 2, 1, 2, 1, 1, 1, 1, 1, 1]
Success rate: 0.0
Eval num_timesteps=2500000, 
Episode_reward=2500000.00 +/- 9.94
Episode length: 46.30 +/- 0.46
No gates passed list: [1, 1, 1, 1, 1, 1, 1, 1, 1, 1]
Success rate: 0.0
Eval num_timesteps=2550000, 
Episode_reward=2550000.00 +/- 17.91
Episode length: 193.90 +/- 53.25
No gates passed list: [2, 2, 4, 3, 4, 2, 2, 2, 2, 2]
Success rate: 0.2
Eval num_timesteps=2600000, 
Episode_reward=2600000.00 +/- 16.07
Episode length: 106.10 +/- 35.92
No gates passed list: [1, 4, 1, 1, 4, 1, 1, 1, 1, 4]
Success rate: 0.3
Eval num_timesteps=2650000, 
Episode_reward=2650000.00 +/- 26.43
Episode length: 140.80 +/- 47.69
No gates passed list: [3, 4, 4, 4, 4, 1, 4, 4, 3, 4]
Success rate: 0.7
Eval num_timesteps=2700000, 
Episode_reward=2700000.00 +/- 21.48
Episode length: 289.20 +/- 352.35
No gates passed list: [2, 3, 3, 4, 4, 2, 4, 2, 2, 2]
Success rate: 0.3
Eval num_timesteps=2750000, 
Episode_reward=2750000.00 +/- 22.41
Episode length: 121.90 +/- 45.34
No gates passed list: [1, 4, 1, 4, 4, 4, 4, 1, 4, 4]
Success rate: 0.7
Eval num_timesteps=2800000, 
Episode_reward=2800000.00 +/- 20.71
Episode length: 298.70 +/- 234.30
No gates passed list: [4, 4, 2, 2, 2, 4, 4, 1, 4, 1]
Success rate: 0.5
Eval num_timesteps=2850000, 
Episode_reward=2850000.00 +/- 29.20
Episode length: 149.20 +/- 30.25
No gates passed list: [2, 4, 4, 4, 4, 4, 4, 4, 4, 4]
Success rate: 0.9
Success rate of 0.9 higher than threshold of 0.7. Increasing environment complexity
Eval num_timesteps=2900000, 
Episode_reward=2900000.00 +/- 13.53
Episode length: 93.30 +/- 27.89
No gates passed list: [2, 2, 2, 2, 2, 4, 2, 4, 3, 2]
Success rate: 0.2
Eval num_timesteps=2950000, 
Episode_reward=2950000.00 +/- 30.38
Episode length: 137.10 +/- 4.06
No gates passed list: [4, 4, 4, 4, 4, 4, 4, 4, 4, 4]
Success rate: 1.0
Success rate of 1.0 higher than threshold of 0.7. Increasing environment complexity
Eval num_timesteps=3000000, 
Episode_reward=3000000.00 +/- 18.43
Episode length: 104.50 +/- 38.91
No gates passed list: [3, 1, 4, 1, 2, 3, 2, 1, 4, 4]
Success rate: 0.3
Eval num_timesteps=3050000, 
Episode_reward=3050000.00 +/- 23.68
Episode length: 129.30 +/- 46.25
No gates passed list: [4, 1, 1, 1, 4, 4, 3, 4, 4, 4]
Success rate: 0.6
Eval num_timesteps=3100000, 
Episode_reward=3100000.00 +/- 17.00
Episode length: 99.60 +/- 36.24
No gates passed list: [1, 3, 1, 3, 3, 1, 3, 2, 4, 2]
Success rate: 0.1
Eval num_timesteps=3150000, 
Episode_reward=3150000.00 +/- 10.49
Episode length: 616.30 +/- 457.90
No gates passed list: [1, 1, 1, 1, 1, 2, 1, 1, 1, 1]
Success rate: 0.0
Eval num_timesteps=3200000, 
Episode_reward=3200000.00 +/- 16.17
Episode length: 327.10 +/- 350.38
No gates passed list: [1, 1, 1, 4, 1, 3, 2, 2, 3, 1]
Success rate: 0.1
Eval num_timesteps=3250000, 
Episode_reward=3250000.00 +/- 17.98
Episode length: 112.10 +/- 52.88
No gates passed list: [1, 2, 1, 2, 4, 2, 3, 3, 4, 1]
Success rate: 0.2
Eval num_timesteps=3300000, 
Episode_reward=3300000.00 +/- 21.79
Episode length: 127.00 +/- 38.73
No gates passed list: [1, 4, 2, 4, 4, 3, 3, 3, 2, 2]
Success rate: 0.3
Eval num_timesteps=3350000, 
Episode_reward=3350000.00 +/- 22.82
Episode length: 200.30 +/- 175.75
No gates passed list: [3, 4, 3, 3, 2, 1, 4, 4, 4, 2]
Success rate: 0.4
Eval num_timesteps=3400000, 
Episode_reward=3400000.00 +/- 17.25
Episode length: 92.50 +/- 37.62
No gates passed list: [2, 4, 1, 4, 4, 1, 1, 2, 2, 2]
Success rate: 0.3
Eval num_timesteps=3450000, 
Episode_reward=3450000.00 +/- 20.89
Episode length: 120.60 +/- 75.31
No gates passed list: [4, 1, 4, 1, 4, 1, 4, 4, 3, 1]
Success rate: 0.5
Eval num_timesteps=3500000, 
Episode_reward=3500000.00 +/- 21.71
Episode length: 117.70 +/- 39.52
No gates passed list: [1, 4, 2, 3, 1, 4, 4, 4, 1, 4]
Success rate: 0.5
Eval num_timesteps=3550000, 
Episode_reward=3550000.00 +/- 26.05
Episode length: 121.60 +/- 31.65
No gates passed list: [4, 2, 4, 4, 3, 4, 4, 4, 1, 4]
Success rate: 0.7
Eval num_timesteps=3600000, 
Episode_reward=3600000.00 +/- 21.23
Episode length: 107.30 +/- 39.29
No gates passed list: [4, 2, 4, 4, 4, 4, 1, 3, 1, 2]
Success rate: 0.5
Eval num_timesteps=3650000, 
Episode_reward=3650000.00 +/- 27.62
Episode length: 140.10 +/- 45.68
No gates passed list: [4, 1, 4, 4, 4, 4, 4, 4, 3, 4]
Success rate: 0.8
Success rate of 0.8 higher than threshold of 0.7. Increasing environment complexity
Eval num_timesteps=3700000, 
Episode_reward=3700000.00 +/- 9.64
Episode length: 64.60 +/- 32.03
No gates passed list: [1, 4, 1, 1, 1, 1, 1, 1, 2, 2]
Success rate: 0.1
Eval num_timesteps=3750000, 
Episode_reward=3750000.00 +/- 9.91
Episode length: 55.00 +/- 15.39
No gates passed list: [2, 0, 1, 1, 1, 1, 1, 1, 2, 1]
Success rate: 0.0
Eval num_timesteps=3800000, 
Episode_reward=3800000.00 +/- 8.60
Episode length: 47.80 +/- 12.43
No gates passed list: [1, 1, 1, 1, 1, 1, 0, 1, 1, 2]
Success rate: 0.0
Eval num_timesteps=3850000, 
Episode_reward=3850000.00 +/- 10.20
Episode length: 55.40 +/- 12.64
No gates passed list: [1, 1, 2, 2, 1, 1, 1, 2, 1, 1]
Success rate: 0.0
Eval num_timesteps=3900000, 
Episode_reward=3900000.00 +/- 13.69
Episode length: 75.60 +/- 37.47
No gates passed list: [1, 2, 4, 1, 1, 3, 1, 2, 1, 2]
Success rate: 0.1
Eval num_timesteps=3950000, 
Episode_reward=3950000.00 +/- 15.39
Episode length: 89.70 +/- 38.01
No gates passed list: [2, 4, 2, 2, 2, 1, 0, 3, 2, 1]
Success rate: 0.1
Eval num_timesteps=4000000, 
Episode_reward=4000000.00 +/- 10.56
Episode length: 70.60 +/- 30.97
No gates passed list: [1, 1, 3, 1, 2, 1, 1, 1, 1, 1]
Success rate: 0.0
Eval num_timesteps=4050000, 
Episode_reward=4050000.00 +/- 15.25
Episode length: 92.90 +/- 45.26
No gates passed list: [1, 1, 2, 3, 1, 1, 2, 3, 3, 1]
Success rate: 0.0
Eval num_timesteps=4100000, 
Episode_reward=4100000.00 +/- 17.05
Episode length: 101.20 +/- 61.67
No gates passed list: [3, 0, 1, 3, 4, 3, 1, 4, 1, 1]
Success rate: 0.2
Eval num_timesteps=4150000, 
Episode_reward=4150000.00 +/- 10.24
Episode length: 163.70 +/- 277.67
No gates passed list: [0, 2, 1, 1, 1, 1, 1, 1, 2, 2]
Success rate: 0.0
Eval num_timesteps=4200000, 
Episode_reward=4200000.00 +/- 11.50
Episode length: 194.00 +/- 289.54
No gates passed list: [0, 1, 2, 2, 4, 1, 1, 1, 0, 1]
Success rate: 0.1
Eval num_timesteps=4250000, 
Episode_reward=4250000.00 +/- 9.08
Episode length: 48.10 +/- 6.14
No gates passed list: [1, 1, 1, 1, 1, 1, 1, 1, 1, 1]
Success rate: 0.0
Eval num_timesteps=4300000, 
Episode_reward=4300000.00 +/- 11.16
Episode length: 102.30 +/- 74.06
No gates passed list: [1, 2, 2, 2, 0, 1, 1, 1, 1, 2]
Success rate: 0.0
Eval num_timesteps=4350000, 
Episode_reward=4350000.00 +/- 19.93
Episode length: 120.20 +/- 53.16
No gates passed list: [1, 3, 1, 4, 4, 1, 4, 4, 4, 1]
Success rate: 0.5
Eval num_timesteps=4400000, 
Episode_reward=4400000.00 +/- 18.37
Episode length: 101.80 +/- 44.57
No gates passed list: [4, 4, 1, 2, 1, 4, 2, 2, 1, 1]
Success rate: 0.3
Eval num_timesteps=4450000, 
Episode_reward=4450000.00 +/- 18.21
Episode length: 141.00 +/- 112.45
No gates passed list: [2, 2, 4, 1, 1, 3, 1, 1, 4, 4]
Success rate: 0.3
Eval num_timesteps=4500000, 
Episode_reward=4500000.00 +/- 10.36
Episode length: 62.30 +/- 29.61
No gates passed list: [1, 1, 1, 1, 1, 1, 1, 1, 4, 1]
Success rate: 0.1
Eval num_timesteps=4550000, 
Episode_reward=4550000.00 +/- 9.84
Episode length: 58.60 +/- 23.62
No gates passed list: [1, 1, 1, 2, 1, 0, 1, 2, 2, 0]
Success rate: 0.0
Eval num_timesteps=4600000, 
Episode_reward=4600000.00 +/- 11.11
Episode length: 63.10 +/- 33.47
No gates passed list: [1, 1, 0, 3, 2, 1, 3, 1, 1, 1]
Success rate: 0.0
Eval num_timesteps=4650000, 
Episode_reward=4650000.00 +/- 11.56
Episode length: 68.20 +/- 29.55
No gates passed list: [3, 1, 1, 1, 1, 1, 1, 3, 1, 2]
Success rate: 0.0
Eval num_timesteps=4700000, 
Episode_reward=4700000.00 +/- 15.02
Episode length: 87.70 +/- 40.35
No gates passed list: [2, 2, 1, 1, 4, 2, 1, 1, 3, 1]
Success rate: 0.1
Eval num_timesteps=4750000, 
Episode_reward=4750000.00 +/- 23.23
Episode length: 215.60 +/- 259.56
No gates passed list: [4, 2, 4, 2, 4, 3, 3, 3, 3, 1]
Success rate: 0.3
Eval num_timesteps=4800000, 
Episode_reward=4800000.00 +/- 17.81
Episode length: 100.40 +/- 49.89
No gates passed list: [2, 0, 4, 1, 1, 3, 2, 1, 4, 3]
Success rate: 0.2
Eval num_timesteps=4850000, 
Episode_reward=4850000.00 +/- 15.46
Episode length: 81.00 +/- 39.83
No gates passed list: [2, 1, 2, 1, 1, 1, 1, 3, 3, 4]
Success rate: 0.1
Eval num_timesteps=4900000, 
Episode_reward=4900000.00 +/- 12.55
Episode length: 71.30 +/- 42.81
No gates passed list: [4, 2, 1, 2, 1, 3, 1, 1, 1, 1]
Success rate: 0.1
Eval num_timesteps=4950000, 
Episode_reward=4950000.00 +/- 17.60
Episode length: 98.30 +/- 60.76
No gates passed list: [1, 0, 2, 4, 1, 4, 4, 1, 1, 4]
Success rate: 0.4
Eval num_timesteps=5000000, 
Episode_reward=5000000.00 +/- 9.32
Episode length: 58.40 +/- 23.37
No gates passed list: [1, 1, 1, 1, 3, 1, 1, 1, 2, 1]
Success rate: 0.0
Eval num_timesteps=5050000, 
Episode_reward=5050000.00 +/- 10.83
Episode length: 116.20 +/- 188.11
No gates passed list: [3, 2, 1, 1, 2, 1, 1, 3, 0, 0]
Success rate: 0.0
Eval num_timesteps=5100000, 
Episode_reward=5100000.00 +/- 18.54
Episode length: 124.40 +/- 52.47
No gates passed list: [2, 4, 2, 2, 2, 2, 3, 3, 1, 1]
Success rate: 0.1
Eval num_timesteps=5150000, 
Episode_reward=5150000.00 +/- 12.04
Episode length: 74.30 +/- 38.18
No gates passed list: [1, 2, 3, 3, 1, 1, 1, 0, 1, 2]
Success rate: 0.0
Eval num_timesteps=5200000, 
Episode_reward=5200000.00 +/- 12.36
Episode length: 83.10 +/- 40.37
No gates passed list: [3, 1, 1, 2, 2, 1, 2, 1, 1, 3]
Success rate: 0.0
Eval num_timesteps=5250000, 
Episode_reward=5250000.00 +/- 11.09
Episode length: 62.90 +/- 30.99
No gates passed list: [1, 4, 1, 1, 1, 2, 1, 1, 1, 1]
Success rate: 0.1
Eval num_timesteps=5300000, 
Episode_reward=5300000.00 +/- 9.23
Episode length: 48.50 +/- 3.91
No gates passed list: [1, 1, 1, 1, 1, 1, 1, 1, 1, 1]
Success rate: 0.0
Eval num_timesteps=5350000, 
Episode_reward=5350000.00 +/- 8.22
Episode length: 64.60 +/- 24.60
No gates passed list: [1, 1, 1, 1, 1, 0, 1, 2, 1, 1]
Success rate: 0.0
Eval num_timesteps=5400000, 
Episode_reward=5400000.00 +/- 7.63
Episode length: 48.10 +/- 12.05
No gates passed list: [1, 1, 1, 1, 1, 2, 1, 1, 1, 0]
Success rate: 0.0
Eval num_timesteps=5450000, 
Episode_reward=5450000.00 +/- 15.24
Episode length: 118.40 +/- 126.52
No gates passed list: [1, 3, 3, 0, 1, 1, 1, 4, 1, 4]
Success rate: 0.2
Eval num_timesteps=5500000, 
Episode_reward=5500000.00 +/- 13.08
Episode length: 109.30 +/- 92.21
No gates passed list: [4, 3, 1, 1, 1, 1, 1, 1, 3, 1]
Success rate: 0.1
Eval num_timesteps=5550000, 
Episode_reward=5550000.00 +/- 15.50
Episode length: 84.30 +/- 47.16
No gates passed list: [4, 1, 4, 1, 0, 4, 0, 1, 1, 3]
Success rate: 0.3
Eval num_timesteps=5600000, 
Episode_reward=5600000.00 +/- 17.77
Episode length: 117.60 +/- 70.13
No gates passed list: [4, 3, 4, 1, 1, 2, 1, 1, 1, 4]
Success rate: 0.3
Eval num_timesteps=5650000, 
Episode_reward=5650000.00 +/- 15.47
Episode length: 82.10 +/- 49.08
No gates passed list: [1, 1, 1, 3, 1, 3, 4, 4, 0, 1]
Success rate: 0.2
